d:\mysciebo\_tin_ws19\_tin_sw_bsp\kap13_qt\sw02_qt_lcd_slider\sw02_qt_lcd_slider\x64\debug\sw02_qt_lcd_slider.obj
d:\mysciebo\_tin_ws19\_tin_sw_bsp\kap13_qt\sw02_qt_lcd_slider\sw02_qt_lcd_slider\x64\debug\main.obj
d:\mysciebo\_tin_ws19\_tin_sw_bsp\kap13_qt\sw02_qt_lcd_slider\sw02_qt_lcd_slider\x64\debug\moc_mysliderclass.obj
d:\mysciebo\_tin_ws19\_tin_sw_bsp\kap13_qt\sw02_qt_lcd_slider\sw02_qt_lcd_slider\x64\debug\moc_mysliderclass.asm
d:\mysciebo\_tin_ws19\_tin_sw_bsp\kap13_qt\sw02_qt_lcd_slider\sw02_qt_lcd_slider\x64\debug\moc_sw02_qt_lcd_slider.obj
d:\mysciebo\_tin_ws19\_tin_sw_bsp\kap13_qt\sw02_qt_lcd_slider\sw02_qt_lcd_slider\x64\debug\moc_sw02_qt_lcd_slider.asm
d:\mysciebo\_tin_ws19\_tin_sw_bsp\kap13_qt\sw02_qt_lcd_slider\sw02_qt_lcd_slider\x64\debug\qrc_sw02_qt_lcd_slider.obj
d:\mysciebo\_tin_ws19\_tin_sw_bsp\kap13_qt\sw02_qt_lcd_slider\sw02_qt_lcd_slider\x64\debug\qrc_sw02_qt_lcd_slider.asm
d:\mysciebo\_tin_ws19\_tin_sw_bsp\kap13_qt\sw02_qt_lcd_slider\sw02_qt_lcd_slider\x64\debug\vc142.pdb
d:\_mysciebo\_tin_ws18\_tin_sw_bsp\kap13_qt\sw02_qt_lcd_slider\x64\debug\sw02_qt_lcd_slider.exe
d:\_mysciebo\_tin_ws18\_tin_sw_bsp\kap13_qt\sw02_qt_lcd_slider\x64\debug\sw02_qt_lcd_slider.ilk
d:\_mysciebo\_tin_ws18\_tin_sw_bsp\kap13_qt\sw02_qt_lcd_slider\x64\debug\sw02_qt_lcd_slider.pdb
c:\users\olafj_000\mysciebo\_tin_ws19\_tin_sw_bsp\kap13_qt\sw02_qt_lcd_slider\x64\debug\sw02_qt_lcd_slider.ilk
c:\users\olafj_000\mysciebo\_tin_ws19\_tin_sw_bsp\kap13_qt\sw02_qt_lcd_slider\x64\debug\sw02_qt_lcd_slider.exe
c:\users\olafj_000\mysciebo\_tin_ws19\_tin_sw_bsp\kap13_qt\sw02_qt_lcd_slider\x64\debug\sw02_qt_lcd_slider.pdb
d:\mysciebo\_tin_ws19\_tin_sw_bsp\kap13_qt\sw02_qt_lcd_slider\x64\debug\sw02_qt_lcd_slider.ilk
d:\mysciebo\_tin_ws19\_tin_sw_bsp\kap13_qt\sw02_qt_lcd_slider\x64\debug\sw02_qt_lcd_slider.exe
d:\mysciebo\_tin_ws19\_tin_sw_bsp\kap13_qt\sw02_qt_lcd_slider\x64\debug\sw02_qt_lcd_slider.pdb
d:\mysciebo\_tin_ws19\_tin_sw_bsp\kap13_qt\sw02_qt_lcd_slider\sw02_qt_lcd_slider\.\generatedfiles\debug\moc_sw02_qt_lcd_slider.cpp
d:\mysciebo\_tin_ws19\_tin_sw_bsp\kap13_qt\sw02_qt_lcd_slider\sw02_qt_lcd_slider\.\generatedfiles\debug\moc_mysliderclass.cpp
d:\mysciebo\_tin_ws19\_tin_sw_bsp\kap13_qt\sw02_qt_lcd_slider\sw02_qt_lcd_slider\.\generatedfiles\qrc_sw02_qt_lcd_slider.cpp
d:\_mysciebo\_tin_ws18\_tin_sw_bsp\kap13_qt\sw02_qt_lcd_slider\sw02_qt_lcd_slider\generatedfiles\debug\moc_sw02_qt_lcd_slider.cpp
d:\_mysciebo\_tin_ws18\_tin_sw_bsp\kap13_qt\sw02_qt_lcd_slider\sw02_qt_lcd_slider\generatedfiles\qrc_sw02_qt_lcd_slider.cpp
d:\_mysciebo\_tin_ws18\_tin_sw_bsp\kap13_qt\sw02_qt_lcd_slider\sw02_qt_lcd_slider\generatedfiles\ui_sw02_qt_lcd_slider.h
d:\_mysciebo\_tin_ws18\_tin_sw_bsp\kap13_qt\sw02_qt_lcd_slider\sw02_qt_lcd_slider\generatedfiles\debug\moc_mysliderclass.cpp
d:\mysciebo\_tin_ws19\_tin_sw_bsp\kap13_qt\sw02_qt_lcd_slider\sw02_qt_lcd_slider\generatedfiles\ui_sw02_qt_lcd_slider.h
d:\mysciebo\_tin_ws19\_tin_sw_bsp\kap13_qt\sw02_qt_lcd_slider\sw02_qt_lcd_slider\generatedfiles\qrc_sw02_qt_lcd_slider.cpp
d:\mysciebo\_tin_ws19\_tin_sw_bsp\kap13_qt\sw02_qt_lcd_slider\sw02_qt_lcd_slider\generatedfiles\debug\moc_sw02_qt_lcd_slider.cpp
d:\mysciebo\_tin_ws19\_tin_sw_bsp\kap13_qt\sw02_qt_lcd_slider\sw02_qt_lcd_slider\generatedfiles\debug\moc_mysliderclass.cpp
c:\users\olafj_000\mysciebo\_tin_ws19\_tin_sw_bsp\kap13_qt\sw02_qt_lcd_slider\sw02_qt_lcd_slider\generatedfiles\ui_sw02_qt_lcd_slider.h
c:\users\olafj_000\mysciebo\_tin_ws19\_tin_sw_bsp\kap13_qt\sw02_qt_lcd_slider\sw02_qt_lcd_slider\generatedfiles\qrc_sw02_qt_lcd_slider.cpp
c:\users\olafj_000\mysciebo\_tin_ws19\_tin_sw_bsp\kap13_qt\sw02_qt_lcd_slider\sw02_qt_lcd_slider\generatedfiles\debug\moc_sw02_qt_lcd_slider.cpp
c:\users\olafj_000\mysciebo\_tin_ws19\_tin_sw_bsp\kap13_qt\sw02_qt_lcd_slider\sw02_qt_lcd_slider\generatedfiles\debug\moc_mysliderclass.cpp
d:\mysciebo\_tin_ws19\_tin_sw_bsp\kap13_qt\sw02_qt_lcd_slider\sw02_qt_lcd_slider\.\generatedfiles\ui_sw02_qt_lcd_slider.h
d:\mysciebo\_tin_ws19\_tin_sw_bsp\kap13_qt\sw02_qt_lcd_slider\sw02_qt_lcd_slider\x64\debug\vc141.pdb
d:\mysciebo\_tin_ws19\_tin_sw_bsp\kap13_qt\sw02_qt_lcd_slider\sw02_qt_lcd_slider\x64\debug\sw02_qt_.b12702ad.tlog\cl.command.1.tlog
d:\mysciebo\_tin_ws19\_tin_sw_bsp\kap13_qt\sw02_qt_lcd_slider\sw02_qt_lcd_slider\x64\debug\sw02_qt_.b12702ad.tlog\cl.read.1.tlog
d:\mysciebo\_tin_ws19\_tin_sw_bsp\kap13_qt\sw02_qt_lcd_slider\sw02_qt_lcd_slider\x64\debug\sw02_qt_.b12702ad.tlog\cl.write.1.tlog
d:\mysciebo\_tin_ws19\_tin_sw_bsp\kap13_qt\sw02_qt_lcd_slider\sw02_qt_lcd_slider\x64\debug\sw02_qt_.b12702ad.tlog\link.command.1.tlog
d:\mysciebo\_tin_ws19\_tin_sw_bsp\kap13_qt\sw02_qt_lcd_slider\sw02_qt_lcd_slider\x64\debug\sw02_qt_.b12702ad.tlog\link.delete.1.tlog
d:\mysciebo\_tin_ws19\_tin_sw_bsp\kap13_qt\sw02_qt_lcd_slider\sw02_qt_lcd_slider\x64\debug\sw02_qt_.b12702ad.tlog\link.read.1.tlog
d:\mysciebo\_tin_ws19\_tin_sw_bsp\kap13_qt\sw02_qt_lcd_slider\sw02_qt_lcd_slider\x64\debug\sw02_qt_.b12702ad.tlog\link.write.1.tlog
d:\mysciebo\_tin_ws19\_tin_sw_bsp\kap13_qt\sw02_qt_lcd_slider\sw02_qt_lcd_slider\x64\debug\sw02_qt_.b12702ad.tlog\moc.read.1u.tlog
d:\mysciebo\_tin_ws19\_tin_sw_bsp\kap13_qt\sw02_qt_lcd_slider\sw02_qt_lcd_slider\x64\debug\sw02_qt_.b12702ad.tlog\moc.write.1u.tlog
d:\mysciebo\_tin_ws19\_tin_sw_bsp\kap13_qt\sw02_qt_lcd_slider\sw02_qt_lcd_slider\x64\debug\sw02_qt_.b12702ad.tlog\qtmoc.read.1u.tlog
d:\mysciebo\_tin_ws19\_tin_sw_bsp\kap13_qt\sw02_qt_lcd_slider\sw02_qt_lcd_slider\x64\debug\sw02_qt_.b12702ad.tlog\qtmoc.write.1u.tlog
d:\mysciebo\_tin_ws19\_tin_sw_bsp\kap13_qt\sw02_qt_lcd_slider\sw02_qt_lcd_slider\x64\debug\sw02_qt_.b12702ad.tlog\qtrcc.read.1u.tlog
d:\mysciebo\_tin_ws19\_tin_sw_bsp\kap13_qt\sw02_qt_lcd_slider\sw02_qt_lcd_slider\x64\debug\sw02_qt_.b12702ad.tlog\qtrcc.write.1u.tlog
d:\mysciebo\_tin_ws19\_tin_sw_bsp\kap13_qt\sw02_qt_lcd_slider\sw02_qt_lcd_slider\x64\debug\sw02_qt_.b12702ad.tlog\qtuic.read.1u.tlog
d:\mysciebo\_tin_ws19\_tin_sw_bsp\kap13_qt\sw02_qt_lcd_slider\sw02_qt_lcd_slider\x64\debug\sw02_qt_.b12702ad.tlog\qtuic.write.1u.tlog
d:\mysciebo\_tin_ws19\_tin_sw_bsp\kap13_qt\sw02_qt_lcd_slider\sw02_qt_lcd_slider\x64\debug\sw02_qt_.b12702ad.tlog\rcc.read.1u.tlog
d:\mysciebo\_tin_ws19\_tin_sw_bsp\kap13_qt\sw02_qt_lcd_slider\sw02_qt_lcd_slider\x64\debug\sw02_qt_.b12702ad.tlog\rcc.write.1u.tlog
d:\mysciebo\_tin_ws19\_tin_sw_bsp\kap13_qt\sw02_qt_lcd_slider\sw02_qt_lcd_slider\x64\debug\sw02_qt_.b12702ad.tlog\sw02_qt_lcd_slider.write.1u.tlog
d:\mysciebo\_tin_ws19\_tin_sw_bsp\kap13_qt\sw02_qt_lcd_slider\sw02_qt_lcd_slider\x64\debug\sw02_qt_.b12702ad.tlog\uic.read.1u.tlog
d:\mysciebo\_tin_ws19\_tin_sw_bsp\kap13_qt\sw02_qt_lcd_slider\sw02_qt_lcd_slider\x64\debug\sw02_qt_.b12702ad.tlog\uic.write.1u.tlog
