d:\mysciebo\_tin_ws19\_tin_sw_bsp\kap16_qt-designer\qt_designer_btn_lcd_slider\x64\debug\qrc_qt_designer_btn_lcd_slider.obj
d:\mysciebo\_tin_ws19\_tin_sw_bsp\kap16_qt-designer\qt_designer_btn_lcd_slider\x64\debug\main.obj
d:\mysciebo\_tin_ws19\_tin_sw_bsp\kap16_qt-designer\qt_designer_btn_lcd_slider\x64\debug\moc_qt_designer_btn_lcd_slider.obj
d:\mysciebo\_tin_ws19\_tin_sw_bsp\kap16_qt-designer\qt_designer_btn_lcd_slider\x64\debug\vc142.pdb
d:\mysciebo\_tin_ws19\_tin_sw_bsp\kap16_qt-designer\qt_designer_btn_lcd_slider\x64\debug\qt_designer_btn_lcd_slider.obj
c:\users\olafj_000\mysciebo\_tin_ws19\_tin_sw_bsp\kap16_qt-designer\qt_designer_btn_lcd_slider\x64\debug\qrc_qt_designer_btn_lcd_slider.obj
c:\users\olafj_000\mysciebo\_tin_ws19\_tin_sw_bsp\kap16_qt-designer\qt_designer_btn_lcd_slider\x64\debug\main.obj
c:\users\olafj_000\mysciebo\_tin_ws19\_tin_sw_bsp\kap16_qt-designer\qt_designer_btn_lcd_slider\x64\debug\moc_qt_designer_btn_lcd_slider.obj
d:\mysciebo\_tin_ws19\_tin_sw_bsp\kap16_qt-designer\qt_designer_btn_lcd_slider\x64\debug\qt_designer_btn_lcd_slider.exe
d:\mysciebo\_tin_ws19\_tin_sw_bsp\kap16_qt-designer\qt_designer_btn_lcd_slider\x64\debug\qt_designer_btn_lcd_slider.ilk
d:\mysciebo\_tin_ws19\_tin_sw_bsp\kap16_qt-designer\qt_designer_btn_lcd_slider\x64\debug\qt_designer_btn_lcd_slider.pdb
c:\users\olafj_000\mysciebo\_tin_ws19\_tin_sw_bsp\kap16_qt-designer\qt_designer_btn_lcd_slider\x64\debug\\moc\moc_qt_designer_btn_lcd_slider.cpp
d:\mysciebo\_tin_ws19\_tin_sw_bsp\kap16_qt-designer\qt_designer_btn_lcd_slider\x64\debug\uic\ui_qt_designer_btn_lcd_slider.h
d:\mysciebo\_tin_ws19\_tin_sw_bsp\kap16_qt-designer\qt_designer_btn_lcd_slider\x64\debug\rcc\qrc_qt_designer_btn_lcd_slider.cpp
d:\mysciebo\_tin_ws19\_tin_sw_bsp\kap16_qt-designer\qt_designer_btn_lcd_slider\x64\debug\moc\moc_qt_designer_btn_lcd_slider.cpp
c:\users\olafj_000\mysciebo\_tin_ws19\_tin_sw_bsp\kap16_qt-designer\qt_designer_btn_lcd_slider\x64\debug\rcc\qrc_qt_designer_btn_lcd_slider.cpp
c:\users\olafj_000\mysciebo\_tin_ws19\_tin_sw_bsp\kap16_qt-designer\qt_designer_btn_lcd_slider\x64\debug\moc\moc_qt_designer_btn_lcd_slider.cpp
c:\users\olafj_000\mysciebo\_tin_ws19\_tin_sw_bsp\kap16_qt-designer\qt_designer_btn_lcd_slider\x64\debug\uic\ui_qt_designer_btn_lcd_slider.h
c:\users\olafj_000\mysciebo\_tin_ws19\_tin_sw_bsp\kap16_qt-designer\qt_designer_btn_lcd_slider\x64\debug\\rcc\qrc_qt_designer_btn_lcd_slider.cpp
c:\users\olafj_000\mysciebo\_tin_ws19\_tin_sw_bsp\kap16_qt-designer\qt_designer_btn_lcd_slider\x64\debug\\uic\ui_qt_designer_btn_lcd_slider.h
c:\users\olafj_000\mysciebo\_tin_ws19\_tin_sw_bsp\kap16_qt-designer\qt_designer_btn_lcd_slider\x64\debug\qt_designer_btn_lcd_slider.obj
c:\users\olafj_000\mysciebo\_tin_ws19\_tin_sw_bsp\kap16_qt-designer\qt_designer_btn_lcd_slider\x64\debug\qt_designer_btn_lcd_slider.ilk
c:\users\olafj_000\mysciebo\_tin_ws19\_tin_sw_bsp\kap16_qt-designer\qt_designer_btn_lcd_slider\x64\debug\qt_designer_btn_lcd_slider.pdb
c:\users\olafj_000\mysciebo\_tin_ws19\_tin_sw_bsp\kap16_qt-designer\qt_designer_btn_lcd_slider\x64\debug\vc142.pdb
c:\users\olafj_000\mysciebo\_tin_ws19\_tin_sw_bsp\kap16_qt-designer\qt_designer_btn_lcd_slider\x64\debug\qt_designer_btn_lcd_slider.exe
c:\users\olafj_000\mysciebo\_tin_ws19\_tin_sw_bsp\kap16_qt-designer\qt_designer_btn_lcd_slider\x64\debug\qt_desig.b12702ad.tlog\cl.command.1.tlog
c:\users\olafj_000\mysciebo\_tin_ws19\_tin_sw_bsp\kap16_qt-designer\qt_designer_btn_lcd_slider\x64\debug\qt_desig.b12702ad.tlog\cl.read.1.tlog
c:\users\olafj_000\mysciebo\_tin_ws19\_tin_sw_bsp\kap16_qt-designer\qt_designer_btn_lcd_slider\x64\debug\qt_desig.b12702ad.tlog\cl.write.1.tlog
c:\users\olafj_000\mysciebo\_tin_ws19\_tin_sw_bsp\kap16_qt-designer\qt_designer_btn_lcd_slider\x64\debug\qt_desig.b12702ad.tlog\link.command.1.tlog
c:\users\olafj_000\mysciebo\_tin_ws19\_tin_sw_bsp\kap16_qt-designer\qt_designer_btn_lcd_slider\x64\debug\qt_desig.b12702ad.tlog\link.delete.1.tlog
c:\users\olafj_000\mysciebo\_tin_ws19\_tin_sw_bsp\kap16_qt-designer\qt_designer_btn_lcd_slider\x64\debug\qt_desig.b12702ad.tlog\link.read.1.tlog
c:\users\olafj_000\mysciebo\_tin_ws19\_tin_sw_bsp\kap16_qt-designer\qt_designer_btn_lcd_slider\x64\debug\qt_desig.b12702ad.tlog\link.write.1.tlog
c:\users\olafj_000\mysciebo\_tin_ws19\_tin_sw_bsp\kap16_qt-designer\qt_designer_btn_lcd_slider\x64\debug\qt_desig.b12702ad.tlog\moc.read.1u.tlog
c:\users\olafj_000\mysciebo\_tin_ws19\_tin_sw_bsp\kap16_qt-designer\qt_designer_btn_lcd_slider\x64\debug\qt_desig.b12702ad.tlog\moc.write.1u.tlog
c:\users\olafj_000\mysciebo\_tin_ws19\_tin_sw_bsp\kap16_qt-designer\qt_designer_btn_lcd_slider\x64\debug\qt_desig.b12702ad.tlog\qt_designer_btn_lcd_slider.write.1u.tlog
c:\users\olafj_000\mysciebo\_tin_ws19\_tin_sw_bsp\kap16_qt-designer\qt_designer_btn_lcd_slider\x64\debug\qt_desig.b12702ad.tlog\rcc.read.1u.tlog
c:\users\olafj_000\mysciebo\_tin_ws19\_tin_sw_bsp\kap16_qt-designer\qt_designer_btn_lcd_slider\x64\debug\qt_desig.b12702ad.tlog\rcc.write.1u.tlog
c:\users\olafj_000\mysciebo\_tin_ws19\_tin_sw_bsp\kap16_qt-designer\qt_designer_btn_lcd_slider\x64\debug\qt_desig.b12702ad.tlog\uic.read.1u.tlog
c:\users\olafj_000\mysciebo\_tin_ws19\_tin_sw_bsp\kap16_qt-designer\qt_designer_btn_lcd_slider\x64\debug\qt_desig.b12702ad.tlog\uic.write.1u.tlog
