d:\mysciebo\_tin_ws18\_tin_sw_bsp\kap14_qt_paint\06_firstdraw mit bewegung und timer\05_firstdraw\x64\debug\vc141.pdb
d:\mysciebo\_tin_ws18\_tin_sw_bsp\kap14_qt_paint\06_firstdraw mit bewegung und timer\05_firstdraw\x64\debug\_firstmove.obj
d:\mysciebo\_tin_ws18\_tin_sw_bsp\kap14_qt_paint\06_firstdraw mit bewegung und timer\05_firstdraw\x64\debug\main.obj
d:\mysciebo\_tin_ws18\_tin_sw_bsp\kap14_qt_paint\06_firstdraw mit bewegung und timer\05_firstdraw\x64\debug\moc__firstmove.obj
d:\mysciebo\_tin_ws18\_tin_sw_bsp\kap14_qt_paint\06_firstdraw mit bewegung und timer\05_firstdraw\x64\debug\qrc__firstmove.obj
d:\mysciebo\_tin_ws18\_tin_sw_bsp\kap14_qt_paint\06_firstdraw mit bewegung und timer\05_firstdraw\generatedfiles\debug\moc__firstmove.cpp
d:\mysciebo\_tin_ws18\_tin_sw_bsp\kap14_qt_paint\06_firstdraw mit bewegung und timer\05_firstdraw\generatedfiles\ui__firstdraweui.h
d:\mysciebo\_tin_ws18\_tin_sw_bsp\kap14_qt_paint\06_firstdraw mit bewegung und timer\05_firstdraw\generatedfiles\qrc__firstdraw.cpp
d:\_mysciebo\_tin_ws17\_tin_sw_bsp\kap14_qt\06_firstdraw mit bewegung und timer\x64\debug\06_firstmove.exe
d:\_mysciebo\_tin_ws17\_tin_sw_bsp\kap14_qt\06_firstdraw mit bewegung und timer\x64\debug\06_firstmove.ilk
d:\_mysciebo\_tin_ws17\_tin_sw_bsp\kap14_qt\06_firstdraw mit bewegung und timer\x64\debug\06_firstmove.pdb
d:\_mysciebo\_tin_ws17\_tin_sw_bsp\kap14_qt_paint\06_firstdraw mit bewegung und timer\x64\debug\06_firstmove.exe
d:\_mysciebo\_tin_ws17\_tin_sw_bsp\kap14_qt_paint\06_firstdraw mit bewegung und timer\x64\debug\06_firstmove.ilk
d:\_mysciebo\_tin_ws17\_tin_sw_bsp\kap14_qt_paint\06_firstdraw mit bewegung und timer\x64\debug\06_firstmove.pdb
c:\users\olafj_000\owncloud\_tin_ws17\_tin_sw_bsp\kap14_qt_paint\06_firstdraw mit bewegung und timer\x64\debug\06_firstmove.ilk
c:\users\olafj_000\owncloud\_tin_ws17\_tin_sw_bsp\kap14_qt_paint\06_firstdraw mit bewegung und timer\x64\debug\06_firstmove.exe
c:\users\olafj_000\owncloud\_tin_ws17\_tin_sw_bsp\kap14_qt_paint\06_firstdraw mit bewegung und timer\x64\debug\06_firstmove.pdb
d:\mysciebo\_tin_ws18\_tin_sw_bsp\kap14_qt_paint\06_firstdraw mit bewegung und timer\x64\debug\06_firstmove.ilk
d:\mysciebo\_tin_ws18\_tin_sw_bsp\kap14_qt_paint\06_firstdraw mit bewegung und timer\x64\debug\06_firstmove.exe
d:\mysciebo\_tin_ws18\_tin_sw_bsp\kap14_qt_paint\06_firstdraw mit bewegung und timer\x64\debug\06_firstmove.pdb
c:\users\olafj_000\owncloud\_tin_ws18\_tin_sw_bsp\kap14_qt_paint\06_firstdraw mit bewegung und timer\05_firstdraw\x64\debug\main.obj
c:\users\olafj_000\owncloud\_tin_ws18\_tin_sw_bsp\kap14_qt_paint\06_firstdraw mit bewegung und timer\05_firstdraw\x64\debug\moc__firstmove.obj
c:\users\olafj_000\owncloud\_tin_ws18\_tin_sw_bsp\kap14_qt_paint\06_firstdraw mit bewegung und timer\05_firstdraw\x64\debug\qrc__firstdraw.obj
c:\users\olafj_000\owncloud\_tin_ws18\_tin_sw_bsp\kap14_qt_paint\06_firstdraw mit bewegung und timer\05_firstdraw\x64\debug\qrc__firstmove.obj
c:\users\olafj_000\owncloud\_tin_ws18\_tin_sw_bsp\kap14_qt_paint\06_firstdraw mit bewegung und timer\05_firstdraw\x64\debug\_firstmove.obj
c:\users\olafj_000\owncloud\_tin_ws18\_tin_sw_bsp\kap14_qt_paint\06_firstdraw mit bewegung und timer\05_firstdraw\x64\debug\vc141.pdb
c:\users\olafj_000\owncloud\_tin_ws18\_tin_sw_bsp\kap14_qt_paint\06_firstdraw mit bewegung und timer\x64\debug\06_firstmove.pdb
c:\users\olafj_000\owncloud\_tin_ws18\_tin_sw_bsp\kap14_qt_paint\06_firstdraw mit bewegung und timer\x64\debug\06_firstmove.exe
c:\users\olafj_000\owncloud\_tin_ws18\_tin_sw_bsp\kap14_qt_paint\06_firstdraw mit bewegung und timer\x64\debug\06_firstmove.ilk
c:\users\olafj_000\owncloud\_tin_ws18\_tin_sw_bsp\kap14_qt_paint\06_firstdraw mit bewegung und timer\05_firstdraw\x64\debug\06_firstmove.tlog\cl.command.1.tlog
c:\users\olafj_000\owncloud\_tin_ws18\_tin_sw_bsp\kap14_qt_paint\06_firstdraw mit bewegung und timer\05_firstdraw\x64\debug\06_firstmove.tlog\cl.read.1.tlog
c:\users\olafj_000\owncloud\_tin_ws18\_tin_sw_bsp\kap14_qt_paint\06_firstdraw mit bewegung und timer\05_firstdraw\x64\debug\06_firstmove.tlog\cl.write.1.tlog
c:\users\olafj_000\owncloud\_tin_ws18\_tin_sw_bsp\kap14_qt_paint\06_firstdraw mit bewegung und timer\05_firstdraw\x64\debug\06_firstmove.tlog\custombuild.command.1.tlog
c:\users\olafj_000\owncloud\_tin_ws18\_tin_sw_bsp\kap14_qt_paint\06_firstdraw mit bewegung und timer\05_firstdraw\x64\debug\06_firstmove.tlog\custombuild.read.1.tlog
c:\users\olafj_000\owncloud\_tin_ws18\_tin_sw_bsp\kap14_qt_paint\06_firstdraw mit bewegung und timer\05_firstdraw\x64\debug\06_firstmove.tlog\custombuild.write.1.tlog
c:\users\olafj_000\owncloud\_tin_ws18\_tin_sw_bsp\kap14_qt_paint\06_firstdraw mit bewegung und timer\05_firstdraw\x64\debug\06_firstmove.tlog\link.command.1.tlog
c:\users\olafj_000\owncloud\_tin_ws18\_tin_sw_bsp\kap14_qt_paint\06_firstdraw mit bewegung und timer\05_firstdraw\x64\debug\06_firstmove.tlog\link.read.1.tlog
c:\users\olafj_000\owncloud\_tin_ws18\_tin_sw_bsp\kap14_qt_paint\06_firstdraw mit bewegung und timer\05_firstdraw\x64\debug\06_firstmove.tlog\link.write.1.tlog
