d:\mysciebo\_tin_ws20\_tin_sw_bsp\kap12_qt\_kap12_qt\sw02_qt_lcd_slider\sw02_qt_lcd_slider\x64\debug\sw02_qt_lcd_slider.obj
d:\mysciebo\_tin_ws20\_tin_sw_bsp\kap12_qt\_kap12_qt\sw02_qt_lcd_slider\sw02_qt_lcd_slider\x64\debug\main.obj
d:\mysciebo\_tin_ws19\_tin_sw_bsp\kap13_qt\sw02_qt_lcd_slider\sw02_qt_lcd_slider\x64\debug\qrc_sw02_qt_lcd_slider.obj
d:\mysciebo\_tin_ws19\_tin_sw_bsp\kap13_qt\sw02_qt_lcd_slider\sw02_qt_lcd_slider\x64\debug\moc_mysliderclass.obj
d:\mysciebo\_tin_ws19\_tin_sw_bsp\kap13_qt\sw02_qt_lcd_slider\sw02_qt_lcd_slider\x64\debug\moc_sw02_qt_lcd_slider.obj
d:\mysciebo\_tin_ws19\_tin_sw_bsp\kap13_qt\sw02_qt_lcd_slider\sw02_qt_lcd_slider\x64\debug\sw02_qt_lcd_slider.obj
d:\mysciebo\_tin_ws19\_tin_sw_bsp\kap13_qt\sw02_qt_lcd_slider\sw02_qt_lcd_slider\x64\debug\main.obj
d:\mysciebo\_tin_ws19\_tin_sw_bsp\kap13_qt\sw02_qt_lcd_slider\sw02_qt_lcd_slider\x64\debug\vc142.pdb
d:\mysciebo\_tin_ws20\_tin_sw_bsp\kap13_qt\sw02_qt_lcd_slider\sw02_qt_lcd_slider\x64\debug\sw02_qt_lcd_slider.obj
d:\mysciebo\_tin_ws20\_tin_sw_bsp\kap13_qt\sw02_qt_lcd_slider\sw02_qt_lcd_slider\x64\debug\main.obj
d:\mysciebo\_tin_ws20\_tin_sw_bsp\kap13_qt\sw02_qt_lcd_slider\sw02_qt_lcd_slider\x64\debug\vc142.pdb
d:\mysciebo\_tin_ws20\_tin_sw_bsp\kap13_qt\sw02_qt_lcd_slider\sw02_qt_lcd_slider\x64\debug\moc_mysliderclass.obj
d:\mysciebo\_tin_ws20\_tin_sw_bsp\kap13_qt\sw02_qt_lcd_slider\sw02_qt_lcd_slider\x64\debug\qrc_sw02_qt_lcd_slider.obj
d:\mysciebo\_tin_ws20\_tin_sw_bsp\kap13_qt\sw02_qt_lcd_slider\sw02_qt_lcd_slider\x64\debug\moc_sw02_qt_lcd_slider.obj
d:\mysciebo\_tin_ws20\_tin_sw_bsp\kap12_qt\_kap12_qt\sw02_qt_lcd_slider\sw02_qt_lcd_slider\x64\debug\vc142.pdb
d:\mysciebo\_tin_ws20\_tin_sw_bsp\kap12_qt\_kap12_qt\sw02_qt_lcd_slider\sw02_qt_lcd_slider\x64\debug\qrc_sw02_qt_lcd_slider.obj
d:\mysciebo\_tin_ws20\_tin_sw_bsp\kap12_qt\_kap12_qt\sw02_qt_lcd_slider\sw02_qt_lcd_slider\x64\debug\moc_sw02_qt_lcd_slider.obj
d:\mysciebo\_tin_ws20\_tin_sw_bsp\kap12_qt\_kap12_qt\sw02_qt_lcd_slider\sw02_qt_lcd_slider\x64\debug\moc_mysliderclass.obj
d:\mysciebo\_tin_ws20\_tin_sw_bsp\kap16_qt-designer\sw02_qt_lcd_slider\sw02_qt_lcd_slider\x64\debug\sw02_qt_lcd_slider.obj
d:\mysciebo\_tin_ws19\_tin_sw_bsp\kap13_qt\sw02_qt_lcd_slider\x64\debug\sw02_qt_lcd_slider.exe
d:\mysciebo\_tin_ws19\_tin_sw_bsp\kap13_qt\sw02_qt_lcd_slider\x64\debug\sw02_qt_lcd_slider.ilk
d:\mysciebo\_tin_ws19\_tin_sw_bsp\kap13_qt\sw02_qt_lcd_slider\x64\debug\sw02_qt_lcd_slider.pdb
d:\mysciebo\_tin_ws20\_tin_sw_bsp\kap13_qt\sw02_qt_lcd_slider\x64\debug\sw02_qt_lcd_slider.ilk
d:\mysciebo\_tin_ws20\_tin_sw_bsp\kap13_qt\sw02_qt_lcd_slider\x64\debug\sw02_qt_lcd_slider.exe
d:\mysciebo\_tin_ws20\_tin_sw_bsp\kap13_qt\sw02_qt_lcd_slider\x64\debug\sw02_qt_lcd_slider.pdb
d:\mysciebo\_tin_ws20\_tin_sw_bsp\kap12_qt\_kap12_qt\sw02_qt_lcd_slider\x64\debug\sw02_qt_lcd_slider.ilk
d:\mysciebo\_tin_ws20\_tin_sw_bsp\kap12_qt\_kap12_qt\sw02_qt_lcd_slider\x64\debug\sw02_qt_lcd_slider.exe
d:\mysciebo\_tin_ws20\_tin_sw_bsp\kap12_qt\_kap12_qt\sw02_qt_lcd_slider\x64\debug\sw02_qt_lcd_slider.pdb
d:\mysciebo\_tin_ws20\_tin_sw_bsp\kap16_qt-designer\sw02_qt_lcd_slider\sw02_qt_lcd_slider\.\generatedfiles\debug\moc_sw02_qt_lcd_slider.cpp
d:\mysciebo\_tin_ws20\_tin_sw_bsp\kap16_qt-designer\sw02_qt_lcd_slider\sw02_qt_lcd_slider\.\generatedfiles\debug\moc_mysliderclass.cpp
d:\mysciebo\_tin_ws20\_tin_sw_bsp\kap16_qt-designer\sw02_qt_lcd_slider\sw02_qt_lcd_slider\.\generatedfiles\qrc_sw02_qt_lcd_slider.cpp
d:\mysciebo\_tin_ws19\_tin_sw_bsp\kap13_qt\sw02_qt_lcd_slider\sw02_qt_lcd_slider\generatedfiles\ui_sw02_qt_lcd_slider.h
d:\mysciebo\_tin_ws19\_tin_sw_bsp\kap13_qt\sw02_qt_lcd_slider\sw02_qt_lcd_slider\generatedfiles\qrc_sw02_qt_lcd_slider.cpp
d:\mysciebo\_tin_ws19\_tin_sw_bsp\kap13_qt\sw02_qt_lcd_slider\sw02_qt_lcd_slider\generatedfiles\debug\moc_sw02_qt_lcd_slider.cpp
d:\mysciebo\_tin_ws19\_tin_sw_bsp\kap13_qt\sw02_qt_lcd_slider\sw02_qt_lcd_slider\generatedfiles\debug\moc_mysliderclass.cpp
d:\mysciebo\_tin_ws20\_tin_sw_bsp\kap13_qt\sw02_qt_lcd_slider\sw02_qt_lcd_slider\generatedfiles\ui_sw02_qt_lcd_slider.h
d:\mysciebo\_tin_ws20\_tin_sw_bsp\kap13_qt\sw02_qt_lcd_slider\sw02_qt_lcd_slider\generatedfiles\qrc_sw02_qt_lcd_slider.cpp
d:\mysciebo\_tin_ws20\_tin_sw_bsp\kap13_qt\sw02_qt_lcd_slider\sw02_qt_lcd_slider\generatedfiles\debug\moc_sw02_qt_lcd_slider.cpp
d:\mysciebo\_tin_ws20\_tin_sw_bsp\kap13_qt\sw02_qt_lcd_slider\sw02_qt_lcd_slider\generatedfiles\debug\moc_mysliderclass.cpp
d:\mysciebo\_tin_ws20\_tin_sw_bsp\kap12_qt\_kap12_qt\sw02_qt_lcd_slider\sw02_qt_lcd_slider\generatedfiles\ui_sw02_qt_lcd_slider.h
d:\mysciebo\_tin_ws20\_tin_sw_bsp\kap12_qt\_kap12_qt\sw02_qt_lcd_slider\sw02_qt_lcd_slider\generatedfiles\qrc_sw02_qt_lcd_slider.cpp
d:\mysciebo\_tin_ws20\_tin_sw_bsp\kap12_qt\_kap12_qt\sw02_qt_lcd_slider\sw02_qt_lcd_slider\generatedfiles\debug\moc_mysliderclass.cpp
d:\mysciebo\_tin_ws20\_tin_sw_bsp\kap12_qt\_kap12_qt\sw02_qt_lcd_slider\sw02_qt_lcd_slider\generatedfiles\debug\moc_sw02_qt_lcd_slider.cpp
d:\mysciebo\_tin_ws20\_tin_sw_bsp\kap16_qt-designer\sw02_qt_lcd_slider\sw02_qt_lcd_slider\generatedfiles\ui_sw02_qt_lcd_slider.h
d:\mysciebo\_tin_ws20\_tin_sw_bsp\kap16_qt-designer\sw02_qt_lcd_slider\sw02_qt_lcd_slider\generatedfiles\qrc_sw02_qt_lcd_slider.cpp
d:\mysciebo\_tin_ws20\_tin_sw_bsp\kap16_qt-designer\sw02_qt_lcd_slider\sw02_qt_lcd_slider\generatedfiles\debug\moc_sw02_qt_lcd_slider.cpp
d:\mysciebo\_tin_ws20\_tin_sw_bsp\kap16_qt-designer\sw02_qt_lcd_slider\sw02_qt_lcd_slider\generatedfiles\debug\moc_mysliderclass.cpp
d:\mysciebo\_tin_ws20\_tin_sw_bsp\kap16_qt-designer\sw02_qt_lcd_slider\sw02_qt_lcd_slider\.\generatedfiles\ui_sw02_qt_lcd_slider.h
d:\mysciebo\_tin_ws20\_tin_sw_bsp\kap16_qt-designer\sw02_qt_lcd_slider\sw02_qt_lcd_slider\x64\debug\moc_mysliderclass.obj
d:\mysciebo\_tin_ws20\_tin_sw_bsp\kap16_qt-designer\sw02_qt_lcd_slider\sw02_qt_lcd_slider\x64\debug\moc_sw02_qt_lcd_slider.obj
d:\mysciebo\_tin_ws20\_tin_sw_bsp\kap16_qt-designer\sw02_qt_lcd_slider\sw02_qt_lcd_slider\x64\debug\qrc_sw02_qt_lcd_slider.obj
d:\mysciebo\_tin_ws20\_tin_sw_bsp\kap16_qt-designer\sw02_qt_lcd_slider\sw02_qt_lcd_slider\x64\debug\vc142.pdb
d:\mysciebo\_tin_ws20\_tin_sw_bsp\kap16_qt-designer\sw02_qt_lcd_slider\x64\debug\sw02_qt_lcd_slider.pdb
d:\mysciebo\_tin_ws20\_tin_sw_bsp\kap16_qt-designer\sw02_qt_lcd_slider\x64\debug\sw02_qt_lcd_slider.exe
d:\mysciebo\_tin_ws20\_tin_sw_bsp\kap16_qt-designer\sw02_qt_lcd_slider\x64\debug\sw02_qt_lcd_slider.ilk
d:\mysciebo\_tin_ws20\_tin_sw_bsp\kap16_qt-designer\sw02_qt_lcd_slider\sw02_qt_lcd_slider\x64\debug\sw02_qt_.b12702ad.tlog\cl.11552.write.1.tlog
d:\mysciebo\_tin_ws20\_tin_sw_bsp\kap16_qt-designer\sw02_qt_lcd_slider\sw02_qt_lcd_slider\x64\debug\sw02_qt_.b12702ad.tlog\cl.command.1.tlog
d:\mysciebo\_tin_ws20\_tin_sw_bsp\kap16_qt-designer\sw02_qt_lcd_slider\sw02_qt_lcd_slider\x64\debug\sw02_qt_.b12702ad.tlog\cl.read.1.tlog
d:\mysciebo\_tin_ws20\_tin_sw_bsp\kap16_qt-designer\sw02_qt_lcd_slider\sw02_qt_lcd_slider\x64\debug\sw02_qt_.b12702ad.tlog\link.command.1.tlog
d:\mysciebo\_tin_ws20\_tin_sw_bsp\kap16_qt-designer\sw02_qt_lcd_slider\sw02_qt_lcd_slider\x64\debug\sw02_qt_.b12702ad.tlog\link.read.1.tlog
d:\mysciebo\_tin_ws20\_tin_sw_bsp\kap16_qt-designer\sw02_qt_lcd_slider\sw02_qt_lcd_slider\x64\debug\sw02_qt_.b12702ad.tlog\link.write.1.tlog
d:\mysciebo\_tin_ws20\_tin_sw_bsp\kap16_qt-designer\sw02_qt_lcd_slider\sw02_qt_lcd_slider\x64\debug\sw02_qt_.b12702ad.tlog\moc.read.1u.tlog
d:\mysciebo\_tin_ws20\_tin_sw_bsp\kap16_qt-designer\sw02_qt_lcd_slider\sw02_qt_lcd_slider\x64\debug\sw02_qt_.b12702ad.tlog\moc.write.1u.tlog
d:\mysciebo\_tin_ws20\_tin_sw_bsp\kap16_qt-designer\sw02_qt_lcd_slider\sw02_qt_lcd_slider\x64\debug\sw02_qt_.b12702ad.tlog\rcc.read.1u.tlog
d:\mysciebo\_tin_ws20\_tin_sw_bsp\kap16_qt-designer\sw02_qt_lcd_slider\sw02_qt_lcd_slider\x64\debug\sw02_qt_.b12702ad.tlog\rcc.write.1u.tlog
d:\mysciebo\_tin_ws20\_tin_sw_bsp\kap16_qt-designer\sw02_qt_lcd_slider\sw02_qt_lcd_slider\x64\debug\sw02_qt_.b12702ad.tlog\sw02_qt_lcd_slider.write.1u.tlog
d:\mysciebo\_tin_ws20\_tin_sw_bsp\kap16_qt-designer\sw02_qt_lcd_slider\sw02_qt_lcd_slider\x64\debug\sw02_qt_.b12702ad.tlog\uic.read.1u.tlog
d:\mysciebo\_tin_ws20\_tin_sw_bsp\kap16_qt-designer\sw02_qt_lcd_slider\sw02_qt_lcd_slider\x64\debug\sw02_qt_.b12702ad.tlog\uic.write.1u.tlog
