d:\_mysciebo\_tin_ws17\_tin_sw_bsp\kap19_qt_erweiterungen\02_keypress - bewegt rechteck\keypress\x64\debug\vc141.pdb
d:\_mysciebo\_tin_ws17\_tin_sw_bsp\kap19_qt_erweiterungen\02_keypress - bewegt rechteck\keypress\x64\debug\qrc_keypress.obj
d:\_mysciebo\_tin_ws17\_tin_sw_bsp\kap19_qt_erweiterungen\02_keypress - bewegt rechteck\keypress\x64\debug\main.obj
d:\_mysciebo\_tin_ws17\_tin_sw_bsp\kap19_qt_erweiterungen\02_keypress - bewegt rechteck\keypress\x64\debug\keypress.obj
d:\_mysciebo\_tin_ws17\_tin_sw_bsp\kap19_qt_erweiterungen\02_keypress - bewegt rechteck\keypress\x64\debug\moc_keypress.obj
d:\_mysciebo\_tin_ws17\_tin_sw_bsp\kap19_qt_erweiterungen\03_keypress - timer ball\keypress\x64\debug\vc141.pdb
d:\_mysciebo\_tin_ws17\_tin_sw_bsp\kap19_qt_erweiterungen\03_keypress - timer ball\keypress\x64\debug\qrc_keypress.obj
d:\_mysciebo\_tin_ws17\_tin_sw_bsp\kap19_qt_erweiterungen\03_keypress - timer ball\keypress\x64\debug\main.obj
d:\_mysciebo\_tin_ws17\_tin_sw_bsp\kap19_qt_erweiterungen\03_keypress - timer ball\keypress\x64\debug\keypress.obj
d:\_mysciebo\_tin_ws17\_tin_sw_bsp\kap19_qt_erweiterungen\03_keypress - timer ball\keypress\x64\debug\moc_keypress.obj
d:\_mysciebo\_tin_ws17\_tin_sw_bsp\kap19_qt_erweiterungen\04_keypress - hindernisse abtreffen\keypress\x64\debug\vc141.pdb
d:\_mysciebo\_tin_ws17\_tin_sw_bsp\kap19_qt_erweiterungen\04_keypress - hindernisse abtreffen\keypress\x64\debug\qrc_keypress.obj
d:\_mysciebo\_tin_ws17\_tin_sw_bsp\kap19_qt_erweiterungen\04_keypress - hindernisse abtreffen\keypress\x64\debug\main.obj
d:\_mysciebo\_tin_ws17\_tin_sw_bsp\kap19_qt_erweiterungen\04_keypress - hindernisse abtreffen\keypress\x64\debug\keypress.obj
d:\_mysciebo\_tin_ws17\_tin_sw_bsp\kap19_qt_erweiterungen\04_keypress - hindernisse abtreffen\keypress\x64\debug\moc_keypress.obj
d:\_mysciebo\_tin_ws17\_tin_sw_bsp\kap19_qt_erweiterungen\02_keypress - bewegt rechteck\keypress\generatedfiles\ui_keypress.h
d:\_mysciebo\_tin_ws17\_tin_sw_bsp\kap19_qt_erweiterungen\02_keypress - bewegt rechteck\keypress\generatedfiles\qrc_keypress.cpp
d:\_mysciebo\_tin_ws17\_tin_sw_bsp\kap19_qt_erweiterungen\02_keypress - bewegt rechteck\keypress\generatedfiles\debug\moc_keypress.cpp
d:\_mysciebo\_tin_ws17\_tin_sw_bsp\kap19_qt_erweiterungen\03_keypress - timer ball\keypress\generatedfiles\ui_keypress.h
d:\_mysciebo\_tin_ws17\_tin_sw_bsp\kap19_qt_erweiterungen\03_keypress - timer ball\keypress\generatedfiles\qrc_keypress.cpp
d:\_mysciebo\_tin_ws17\_tin_sw_bsp\kap19_qt_erweiterungen\03_keypress - timer ball\keypress\generatedfiles\debug\moc_keypress.cpp
d:\_mysciebo\_tin_ws17\_tin_sw_bsp\kap19_qt_erweiterungen\04_keypress - hindernisse abtreffen\keypress\generatedfiles\ui_keypress.h
d:\_mysciebo\_tin_ws17\_tin_sw_bsp\kap19_qt_erweiterungen\04_keypress - hindernisse abtreffen\keypress\generatedfiles\qrc_keypress.cpp
d:\_mysciebo\_tin_ws17\_tin_sw_bsp\kap19_qt_erweiterungen\04_keypress - hindernisse abtreffen\keypress\generatedfiles\debug\moc_keypress.cpp
d:\_mysciebo\_tin_ws17\_tin_sw_bsp\kap19_qt_erweiterungen\02_keypress - bewegt rechteck\x64\debug\keypress.exe
d:\_mysciebo\_tin_ws17\_tin_sw_bsp\kap19_qt_erweiterungen\02_keypress - bewegt rechteck\x64\debug\keypress.ilk
d:\_mysciebo\_tin_ws17\_tin_sw_bsp\kap19_qt_erweiterungen\02_keypress - bewegt rechteck\x64\debug\keypress.pdb
d:\_mysciebo\_tin_ws17\_tin_sw_bsp\kap19_qt_erweiterungen\03_keypress - timer ball\x64\debug\keypress.exe
d:\_mysciebo\_tin_ws17\_tin_sw_bsp\kap19_qt_erweiterungen\03_keypress - timer ball\x64\debug\keypress.ilk
d:\_mysciebo\_tin_ws17\_tin_sw_bsp\kap19_qt_erweiterungen\03_keypress - timer ball\x64\debug\keypress.pdb
d:\_mysciebo\_tin_ws17\_tin_sw_bsp\kap19_qt_erweiterungen\04_keypress - hindernisse abtreffen\x64\debug\keypress.exe
d:\_mysciebo\_tin_ws17\_tin_sw_bsp\kap19_qt_erweiterungen\04_keypress - hindernisse abtreffen\x64\debug\keypress.ilk
d:\_mysciebo\_tin_ws17\_tin_sw_bsp\kap19_qt_erweiterungen\04_keypress - hindernisse abtreffen\x64\debug\keypress.pdb
d:\_mysciebo\_tin_ws17\_tin_sw_bsp\kap19_qt_erweiterungen\04_keypress - hindernisse abtreffen\keypress\x64\debug\keypress.tlog\cl.command.1.tlog
d:\_mysciebo\_tin_ws17\_tin_sw_bsp\kap19_qt_erweiterungen\04_keypress - hindernisse abtreffen\keypress\x64\debug\keypress.tlog\cl.read.1.tlog
d:\_mysciebo\_tin_ws17\_tin_sw_bsp\kap19_qt_erweiterungen\04_keypress - hindernisse abtreffen\keypress\x64\debug\keypress.tlog\cl.write.1.tlog
d:\_mysciebo\_tin_ws17\_tin_sw_bsp\kap19_qt_erweiterungen\04_keypress - hindernisse abtreffen\keypress\x64\debug\keypress.tlog\custombuild.command.1.tlog
d:\_mysciebo\_tin_ws17\_tin_sw_bsp\kap19_qt_erweiterungen\04_keypress - hindernisse abtreffen\keypress\x64\debug\keypress.tlog\custombuild.read.1.tlog
d:\_mysciebo\_tin_ws17\_tin_sw_bsp\kap19_qt_erweiterungen\04_keypress - hindernisse abtreffen\keypress\x64\debug\keypress.tlog\custombuild.write.1.tlog
d:\_mysciebo\_tin_ws17\_tin_sw_bsp\kap19_qt_erweiterungen\04_keypress - hindernisse abtreffen\keypress\x64\debug\keypress.tlog\link.command.1.tlog
d:\_mysciebo\_tin_ws17\_tin_sw_bsp\kap19_qt_erweiterungen\04_keypress - hindernisse abtreffen\keypress\x64\debug\keypress.tlog\link.read.1.tlog
d:\_mysciebo\_tin_ws17\_tin_sw_bsp\kap19_qt_erweiterungen\04_keypress - hindernisse abtreffen\keypress\x64\debug\keypress.tlog\link.write.1.tlog
