d:\mysciebo\_tin_ws18\_qt_interfaces\mytcpclient\mytcpclient\x64\debug\moc_mytcpclient.obj
d:\mysciebo\_tin_ws18\_qt_interfaces\mytcpclient\mytcpclient\x64\debug\qrc_mytcpclient.obj
d:\mysciebo\_tin_ws18\_qt_interfaces\mytcpclient\mytcpclient\x64\debug\main.obj
d:\mysciebo\_tin_ws18\_qt_interfaces\mytcpclient\mytcpclient\generatedfiles\debug\moc_mytcpclient.cpp
d:\mysciebo\_tin_ws18\_qt_interfaces\mytcpclient\mytcpclient\generatedfiles\qrc_mytcpclient.cpp
d:\mysciebo\_tin_ws18\_qt_interfaces\mytcpclient\mytcpclient\generatedfiles\ui_mytcpclient.h
d:\mysciebo\_tin_ws18\_qt_interfaces\mytcpclient\mytcpclient\.\generatedfiles\debug\moc_mytcpclient.cpp
d:\mysciebo\_tin_ws18\_qt_interfaces\mytcpclient\mytcpclient\.\generatedfiles\qrc_mytcpclient.cpp
d:\mysciebo\_tin_ws18\_qt_interfaces\mytcpclient\mytcpclient\.\generatedfiles\ui_mytcpclient.h
d:\mysciebo\_tin_ws18\_qt_interfaces\mytcpclient\mytcpclient\x64\debug\vc141.pdb
d:\mysciebo\_tin_ws18\_qt_interfaces\mytcpclient\mytcpclient\x64\debug\mytcpclient.tlog\cl.command.1.tlog
d:\mysciebo\_tin_ws18\_qt_interfaces\mytcpclient\mytcpclient\x64\debug\mytcpclient.tlog\cl.read.1.tlog
d:\mysciebo\_tin_ws18\_qt_interfaces\mytcpclient\mytcpclient\x64\debug\mytcpclient.tlog\cl.write.1.tlog
d:\mysciebo\_tin_ws18\_qt_interfaces\mytcpclient\mytcpclient\x64\debug\mytcpclient.tlog\mytcpclient.write.1u.tlog
d:\mysciebo\_tin_ws18\_qt_interfaces\mytcpclient\mytcpclient\x64\debug\mytcpclient.tlog\qtmoc.read.1u.tlog
d:\mysciebo\_tin_ws18\_qt_interfaces\mytcpclient\mytcpclient\x64\debug\mytcpclient.tlog\qtmoc.write.1u.tlog
d:\mysciebo\_tin_ws18\_qt_interfaces\mytcpclient\mytcpclient\x64\debug\mytcpclient.tlog\qtrcc.read.1u.tlog
d:\mysciebo\_tin_ws18\_qt_interfaces\mytcpclient\mytcpclient\x64\debug\mytcpclient.tlog\qtrcc.write.1u.tlog
d:\mysciebo\_tin_ws18\_qt_interfaces\mytcpclient\mytcpclient\x64\debug\mytcpclient.tlog\qtuic.read.1u.tlog
d:\mysciebo\_tin_ws18\_qt_interfaces\mytcpclient\mytcpclient\x64\debug\mytcpclient.tlog\qtuic.write.1u.tlog
