d:\mysciebo\_tin\_tin_sw_bsp\kap16_qt - texttospeech\robospeech\robospeech\x64\debug\qrc_robospeech.obj
d:\mysciebo\_tin\_tin_sw_bsp\kap16_qt - texttospeech\robospeech\robospeech\x64\debug\moc_robospeech.obj
d:\mysciebo\_tin\_tin_sw_bsp\kap16_qt - texttospeech\robospeech\robospeech\x64\debug\robospeech.obj
d:\mysciebo\_tin\_tin_sw_bsp\kap16_qt - texttospeech\robospeech\robospeech\x64\debug\main.obj
d:\mysciebo\_tin\_tin_sw_bsp\kap16_qt - texttospeech\robospeech\robospeech\x64\debug\vc142.pdb
d:\mysciebo\_tin\_tin_sw_bsp\kap16_qt - texttospeech\robospeech\x64\debug\robospeech.ilk
d:\mysciebo\_tin\_tin_sw_bsp\kap16_qt - texttospeech\robospeech\x64\debug\robospeech.exe
d:\mysciebo\_tin\_tin_sw_bsp\kap16_qt - texttospeech\robospeech\x64\debug\robospeech.pdb
d:\mysciebo\_tin\_tin_sw_bsp\kap16_qt - texttospeech\robospeech\robospeech\x64\debug\moc\moc_robospeech.cpp
d:\mysciebo\_tin\_tin_sw_bsp\kap16_qt - texttospeech\robospeech\robospeech\x64\debug\rcc\qrc_robospeech.cpp
d:\mysciebo\_tin\_tin_sw_bsp\kap16_qt - texttospeech\robospeech\robospeech\x64\debug\uic\ui_robospeech.h
d:\mysciebo\_tin\_tin_sw_bsp\kap16_qt - texttospeech\robospeech\robospeech\x64\debug\robospeech.tlog\cl.13088.write.1.tlog
d:\mysciebo\_tin\_tin_sw_bsp\kap16_qt - texttospeech\robospeech\robospeech\x64\debug\robospeech.tlog\cl.command.1.tlog
d:\mysciebo\_tin\_tin_sw_bsp\kap16_qt - texttospeech\robospeech\robospeech\x64\debug\robospeech.tlog\cl.read.1.tlog
d:\mysciebo\_tin\_tin_sw_bsp\kap16_qt - texttospeech\robospeech\robospeech\x64\debug\robospeech.tlog\link.command.1.tlog
d:\mysciebo\_tin\_tin_sw_bsp\kap16_qt - texttospeech\robospeech\robospeech\x64\debug\robospeech.tlog\link.read.1.tlog
d:\mysciebo\_tin\_tin_sw_bsp\kap16_qt - texttospeech\robospeech\robospeech\x64\debug\robospeech.tlog\link.write.1.tlog
d:\mysciebo\_tin\_tin_sw_bsp\kap16_qt - texttospeech\robospeech\robospeech\x64\debug\robospeech.tlog\moc.read.1u.tlog
d:\mysciebo\_tin\_tin_sw_bsp\kap16_qt - texttospeech\robospeech\robospeech\x64\debug\robospeech.tlog\moc.write.1u.tlog
d:\mysciebo\_tin\_tin_sw_bsp\kap16_qt - texttospeech\robospeech\robospeech\x64\debug\robospeech.tlog\rcc.read.1u.tlog
d:\mysciebo\_tin\_tin_sw_bsp\kap16_qt - texttospeech\robospeech\robospeech\x64\debug\robospeech.tlog\rcc.write.1u.tlog
d:\mysciebo\_tin\_tin_sw_bsp\kap16_qt - texttospeech\robospeech\robospeech\x64\debug\robospeech.tlog\robospeech.write.1u.tlog
d:\mysciebo\_tin\_tin_sw_bsp\kap16_qt - texttospeech\robospeech\robospeech\x64\debug\robospeech.tlog\uic.read.1u.tlog
d:\mysciebo\_tin\_tin_sw_bsp\kap16_qt - texttospeech\robospeech\robospeech\x64\debug\robospeech.tlog\uic.write.1u.tlog
