d:\_mysciebo\_tin_ws17\_tin_sw_bsp\kap14_qt\05_firstdraw\05_firstdraw\x64\debug\vc141.pdb
d:\_mysciebo\_tin_ws17\_tin_sw_bsp\kap14_qt\05_firstdraw\05_firstdraw\x64\debug\qrc__firstdraw.obj
d:\_mysciebo\_tin_ws17\_tin_sw_bsp\kap14_qt\05_firstdraw\05_firstdraw\x64\debug\main.obj
d:\_mysciebo\_tin_ws17\_tin_sw_bsp\kap14_qt\05_firstdraw\05_firstdraw\x64\debug\_firstdraw.obj
d:\_mysciebo\_tin_ws17\_tin_sw_bsp\kap14_qt\05_firstdraw\05_firstdraw\x64\debug\moc__firstdraw.obj
d:\_mysciebo\_tin_ws17\_tin_sw_bsp\kap14_qt\06_firstdraw mit bewegung und timer\05_firstdraw\x64\debug\vc141.pdb
d:\_mysciebo\_tin_ws17\_tin_sw_bsp\kap14_qt\06_firstdraw mit bewegung und timer\05_firstdraw\x64\debug\qrc__firstdraw.obj
d:\_mysciebo\_tin_ws17\_tin_sw_bsp\kap14_qt\06_firstdraw mit bewegung und timer\05_firstdraw\x64\debug\main.obj
d:\_mysciebo\_tin_ws17\_tin_sw_bsp\kap14_qt\06_firstdraw mit bewegung und timer\05_firstdraw\x64\debug\_firstdraw.obj
d:\_mysciebo\_tin_ws17\_tin_sw_bsp\kap14_qt\06_firstdraw mit bewegung und timer\05_firstdraw\x64\debug\moc__firstdraw.obj
d:\_mysciebo\_tin_ws17\_tin_sw_bsp\kap14_qt\05_firstdraw\05_firstdraw\generatedfiles\ui__firstdraw.h
d:\_mysciebo\_tin_ws17\_tin_sw_bsp\kap14_qt\05_firstdraw\05_firstdraw\generatedfiles\qrc__firstdraw.cpp
d:\_mysciebo\_tin_ws17\_tin_sw_bsp\kap14_qt\05_firstdraw\05_firstdraw\generatedfiles\debug\moc__firstdraw.cpp
d:\_mysciebo\_tin_ws17\_tin_sw_bsp\kap14_qt\06_firstdraw mit bewegung und timer\05_firstdraw\generatedfiles\ui__firstdraw.h
d:\_mysciebo\_tin_ws17\_tin_sw_bsp\kap14_qt\06_firstdraw mit bewegung und timer\05_firstdraw\generatedfiles\qrc__firstdraw.cpp
d:\_mysciebo\_tin_ws17\_tin_sw_bsp\kap14_qt\06_firstdraw mit bewegung und timer\05_firstdraw\generatedfiles\debug\moc__firstdraw.cpp
d:\_mysciebo\_tin_ws17\_tin_sw_bsp\kap14_qt\05_firstdraw\x64\debug\05_firstdraw.exe
d:\_mysciebo\_tin_ws17\_tin_sw_bsp\kap14_qt\05_firstdraw\x64\debug\05_firstdraw.ilk
d:\_mysciebo\_tin_ws17\_tin_sw_bsp\kap14_qt\05_firstdraw\x64\debug\05_firstdraw.pdb
d:\_mysciebo\_tin_ws17\_tin_sw_bsp\kap14_qt\06_firstdraw mit bewegung und timer\x64\debug\05_firstdraw.exe
d:\_mysciebo\_tin_ws17\_tin_sw_bsp\kap14_qt\06_firstdraw mit bewegung und timer\x64\debug\05_firstdraw.ilk
d:\_mysciebo\_tin_ws17\_tin_sw_bsp\kap14_qt\06_firstdraw mit bewegung und timer\x64\debug\05_firstdraw.pdb
d:\_mysciebo\_tin_ws17\_tin_sw_bsp\kap14_qt\06_firstdraw mit bewegung und timer\05_firstdraw\x64\debug\05_firstdraw.tlog\cl.command.1.tlog
d:\_mysciebo\_tin_ws17\_tin_sw_bsp\kap14_qt\06_firstdraw mit bewegung und timer\05_firstdraw\x64\debug\05_firstdraw.tlog\cl.read.1.tlog
d:\_mysciebo\_tin_ws17\_tin_sw_bsp\kap14_qt\06_firstdraw mit bewegung und timer\05_firstdraw\x64\debug\05_firstdraw.tlog\cl.write.1.tlog
d:\_mysciebo\_tin_ws17\_tin_sw_bsp\kap14_qt\06_firstdraw mit bewegung und timer\05_firstdraw\x64\debug\05_firstdraw.tlog\custombuild.command.1.tlog
d:\_mysciebo\_tin_ws17\_tin_sw_bsp\kap14_qt\06_firstdraw mit bewegung und timer\05_firstdraw\x64\debug\05_firstdraw.tlog\custombuild.read.1.tlog
d:\_mysciebo\_tin_ws17\_tin_sw_bsp\kap14_qt\06_firstdraw mit bewegung und timer\05_firstdraw\x64\debug\05_firstdraw.tlog\custombuild.write.1.tlog
d:\_mysciebo\_tin_ws17\_tin_sw_bsp\kap14_qt\06_firstdraw mit bewegung und timer\05_firstdraw\x64\debug\05_firstdraw.tlog\link.command.1.tlog
d:\_mysciebo\_tin_ws17\_tin_sw_bsp\kap14_qt\06_firstdraw mit bewegung und timer\05_firstdraw\x64\debug\05_firstdraw.tlog\link.read.1.tlog
d:\_mysciebo\_tin_ws17\_tin_sw_bsp\kap14_qt\06_firstdraw mit bewegung und timer\05_firstdraw\x64\debug\05_firstdraw.tlog\link.write.1.tlog
