d:\mysciebo\_tin_ws20\_tin_sw_bsp\kap17_qtgraphicszene\qgraphicsszene_01\qgraphicsszene_01\x64\debug\qrc_qgraphicsszene_01.obj
d:\mysciebo\_tin_ws20\_tin_sw_bsp\kap17_qtgraphicszene\qgraphicsszene_01\qgraphicsszene_01\x64\debug\moc_qgraphicsszene_01.obj
d:\mysciebo\_tin_ws20\_tin_sw_bsp\kap17_qtgraphicszene\qgraphicsszene_01\qgraphicsszene_01\x64\debug\vc142.pdb
d:\mysciebo\_tin_ws20\_tin_sw_bsp\kap17_qtgraphicszene\qgraphicsszene_01\qgraphicsszene_01\x64\debug\main.obj
d:\mysciebo\_tin_ws20\_tin_sw_bsp\kap17_qtgraphicszene\qgraphicsszene_01\qgraphicsszene_01\x64\debug\qgraphicsszene_01.obj
d:\mysciebo\_tin_ws20\_tin_sw_bsp\kap17_qtgraphicszene\qgraphicsszene_01\x64\debug\qgraphicsszene_01.exe
d:\mysciebo\_tin_ws20\_tin_sw_bsp\kap17_qtgraphicszene\qgraphicsszene_01\x64\debug\qgraphicsszene_01.ilk
d:\mysciebo\_tin_ws20\_tin_sw_bsp\kap17_qtgraphicszene\qgraphicsszene_01\x64\debug\qgraphicsszene_01.pdb
d:\mysciebo\_tin_ws20\_tin_sw_bsp\kap17_qtgraphicszene\qgraphicsszene_01\qgraphicsszene_01\x64\debug\moc\moc_qgraphicsszene_01.cpp
d:\mysciebo\_tin_ws20\_tin_sw_bsp\kap17_qtgraphicszene\qgraphicsszene_01\qgraphicsszene_01\x64\debug\uic\ui_qgraphicsszene_01.h
d:\mysciebo\_tin_ws20\_tin_sw_bsp\kap17_qtgraphicszene\qgraphicsszene_01\qgraphicsszene_01\x64\debug\rcc\qrc_qgraphicsszene_01.cpp
d:\mysciebo\_tin\_tin_sw_bsp\kap16_qtgraphicszene\qgraphicsszene_01\qgraphicsszene_01\x64\debug\main.obj
d:\mysciebo\_tin\_tin_sw_bsp\kap16_qtgraphicszene\qgraphicsszene_01\qgraphicsszene_01\x64\debug\moc_qgraphicsszene_01.obj
d:\mysciebo\_tin\_tin_sw_bsp\kap16_qtgraphicszene\qgraphicsszene_01\qgraphicsszene_01\x64\debug\qgraphicsszene_01.obj
d:\mysciebo\_tin\_tin_sw_bsp\kap16_qtgraphicszene\qgraphicsszene_01\qgraphicsszene_01\x64\debug\qrc_qgraphicsszene_01.obj
d:\mysciebo\_tin\_tin_sw_bsp\kap16_qtgraphicszene\qgraphicsszene_01\qgraphicsszene_01\x64\debug\vc142.pdb
d:\mysciebo\_tin\_tin_sw_bsp\kap16_qtgraphicszene\qgraphicsszene_01\x64\debug\qgraphicsszene_01.pdb
d:\mysciebo\_tin\_tin_sw_bsp\kap16_qtgraphicszene\qgraphicsszene_01\x64\debug\qgraphicsszene_01.exe
d:\mysciebo\_tin\_tin_sw_bsp\kap16_qtgraphicszene\qgraphicsszene_01\x64\debug\qgraphicsszene_01.ilk
d:\mysciebo\_tin\_tin_sw_bsp\kap16_qtgraphicszene\qgraphicsszene_01\qgraphicsszene_01\x64\debug\qgraphic.ce9b6964.tlog\cl.command.1.tlog
d:\mysciebo\_tin\_tin_sw_bsp\kap16_qtgraphicszene\qgraphicsszene_01\qgraphicsszene_01\x64\debug\qgraphic.ce9b6964.tlog\cl.read.1.tlog
d:\mysciebo\_tin\_tin_sw_bsp\kap16_qtgraphicszene\qgraphicsszene_01\qgraphicsszene_01\x64\debug\qgraphic.ce9b6964.tlog\cl.write.1.tlog
d:\mysciebo\_tin\_tin_sw_bsp\kap16_qtgraphicszene\qgraphicsszene_01\qgraphicsszene_01\x64\debug\qgraphic.ce9b6964.tlog\link.command.1.tlog
d:\mysciebo\_tin\_tin_sw_bsp\kap16_qtgraphicszene\qgraphicsszene_01\qgraphicsszene_01\x64\debug\qgraphic.ce9b6964.tlog\link.read.1.tlog
d:\mysciebo\_tin\_tin_sw_bsp\kap16_qtgraphicszene\qgraphicsszene_01\qgraphicsszene_01\x64\debug\qgraphic.ce9b6964.tlog\link.write.1.tlog
d:\mysciebo\_tin\_tin_sw_bsp\kap16_qtgraphicszene\qgraphicsszene_01\qgraphicsszene_01\x64\debug\qgraphic.ce9b6964.tlog\moc.read.1u.tlog
d:\mysciebo\_tin\_tin_sw_bsp\kap16_qtgraphicszene\qgraphicsszene_01\qgraphicsszene_01\x64\debug\qgraphic.ce9b6964.tlog\moc.write.1u.tlog
d:\mysciebo\_tin\_tin_sw_bsp\kap16_qtgraphicszene\qgraphicsszene_01\qgraphicsszene_01\x64\debug\qgraphic.ce9b6964.tlog\qgraphicsszene_01.write.1u.tlog
d:\mysciebo\_tin\_tin_sw_bsp\kap16_qtgraphicszene\qgraphicsszene_01\qgraphicsszene_01\x64\debug\qgraphic.ce9b6964.tlog\rcc.read.1u.tlog
d:\mysciebo\_tin\_tin_sw_bsp\kap16_qtgraphicszene\qgraphicsszene_01\qgraphicsszene_01\x64\debug\qgraphic.ce9b6964.tlog\rcc.write.1u.tlog
d:\mysciebo\_tin\_tin_sw_bsp\kap16_qtgraphicszene\qgraphicsszene_01\qgraphicsszene_01\x64\debug\qgraphic.ce9b6964.tlog\uic.read.1u.tlog
d:\mysciebo\_tin\_tin_sw_bsp\kap16_qtgraphicszene\qgraphicsszene_01\qgraphicsszene_01\x64\debug\qgraphic.ce9b6964.tlog\uic.write.1u.tlog
