d:\_mysciebo\_tin_ws18\_tin_sw_bsp\kap13_qt\sw03_mytictactoe_v4\mytictactoe_v4\x64\debug\vc141.pdb
d:\_mysciebo\_tin_ws18\_tin_sw_bsp\kap13_qt\sw03_mytictactoe_v4\mytictactoe_v4\x64\debug\qrc_mytictactoe_v4.obj
d:\_mysciebo\_tin_ws18\_tin_sw_bsp\kap13_qt\sw03_mytictactoe_v4\mytictactoe_v4\x64\debug\mytictactoe_v4.obj
d:\_mysciebo\_tin_ws18\_tin_sw_bsp\kap13_qt\sw03_mytictactoe_v4\mytictactoe_v4\x64\debug\main.obj
d:\_mysciebo\_tin_ws18\_tin_sw_bsp\kap13_qt\sw03_mytictactoe_v4\mytictactoe_v4\x64\debug\mybutton.obj
d:\_mysciebo\_tin_ws18\_tin_sw_bsp\kap13_qt\sw03_mytictactoe_v4\mytictactoe_v4\x64\debug\moc_mytictactoe_v4.obj
c:\users\olafj_000\owncloud\_tin_ws18\_tin_sw_bsp\kap13_qt\sw03_mytictactoe_v4\mytictactoe_v4\x64\debug\vc141.pdb
c:\users\olafj_000\owncloud\_tin_ws18\_tin_sw_bsp\kap13_qt\sw03_mytictactoe_v4\mytictactoe_v4\x64\debug\mytictactoe_v4.obj
c:\users\olafj_000\owncloud\_tin_ws18\_tin_sw_bsp\kap13_qt\sw03_mytictactoe_v4\mytictactoe_v4\x64\debug\mybutton.obj
c:\users\olafj_000\owncloud\_tin_ws18\_tin_sw_bsp\kap13_qt\sw03_mytictactoe_v4\mytictactoe_v4\x64\debug\main.obj
c:\users\olafj_000\owncloud\_tin_ws18\_tin_sw_bsp\kap13_qt\sw03_mytictactoe_v4\mytictactoe_v4\x64\debug\moc_mytictactoe_v4.obj
c:\users\olafj_000\owncloud\_tin_ws18\_tin_sw_bsp\kap13_qt\sw03_mytictactoe_v4\mytictactoe_v4\x64\debug\qrc_mytictactoe_v4.obj
d:\mysciebo\_tin_ws19\_tin_sw_bsp\kap13_qt\sw03_mytictactoe_v4\mytictactoe_v4\generatedfiles\debug\moc_mytictactoe_v4.cpp
d:\mysciebo\_tin_ws19\_tin_sw_bsp\kap13_qt\sw03_mytictactoe_v4\mytictactoe_v4\generatedfiles\ui_mytictactoe_v4.h
d:\mysciebo\_tin_ws19\_tin_sw_bsp\kap13_qt\sw03_mytictactoe_v4\mytictactoe_v4\generatedfiles\qrc_mytictactoe_v4.cpp
d:\_mysciebo\_tin_ws18\_tin_sw_bsp\kap13_qt\sw03_mytictactoe_v4\x64\debug\mytictactoe_v4.exe
d:\_mysciebo\_tin_ws18\_tin_sw_bsp\kap13_qt\sw03_mytictactoe_v4\x64\debug\mytictactoe_v4.ilk
d:\_mysciebo\_tin_ws18\_tin_sw_bsp\kap13_qt\sw03_mytictactoe_v4\x64\debug\mytictactoe_v4.pdb
c:\users\olafj_000\owncloud\_tin_ws18\_tin_sw_bsp\kap13_qt\sw03_mytictactoe_v4\x64\debug\mytictactoe_v4.ilk
c:\users\olafj_000\owncloud\_tin_ws18\_tin_sw_bsp\kap13_qt\sw03_mytictactoe_v4\x64\debug\mytictactoe_v4.exe
c:\users\olafj_000\owncloud\_tin_ws18\_tin_sw_bsp\kap13_qt\sw03_mytictactoe_v4\x64\debug\mytictactoe_v4.pdb
d:\mysciebo\_tin_ws19\_tin_sw_bsp\kap13_qt\sw03_mytictactoe_v4\mytictactoe_v4\x64\debug\main.obj
d:\mysciebo\_tin_ws19\_tin_sw_bsp\kap13_qt\sw03_mytictactoe_v4\mytictactoe_v4\x64\debug\moc_mytictactoe_v4.obj
d:\mysciebo\_tin_ws19\_tin_sw_bsp\kap13_qt\sw03_mytictactoe_v4\mytictactoe_v4\x64\debug\mybutton.obj
d:\mysciebo\_tin_ws19\_tin_sw_bsp\kap13_qt\sw03_mytictactoe_v4\mytictactoe_v4\x64\debug\mytictactoe_v4.obj
d:\mysciebo\_tin_ws19\_tin_sw_bsp\kap13_qt\sw03_mytictactoe_v4\mytictactoe_v4\x64\debug\qrc_mytictactoe_v4.obj
d:\mysciebo\_tin_ws19\_tin_sw_bsp\kap13_qt\sw03_mytictactoe_v4\mytictactoe_v4\x64\debug\vc141.pdb
d:\mysciebo\_tin_ws19\_tin_sw_bsp\kap13_qt\sw03_mytictactoe_v4\x64\debug\mytictactoe_v4.pdb
d:\mysciebo\_tin_ws19\_tin_sw_bsp\kap13_qt\sw03_mytictactoe_v4\x64\debug\mytictactoe_v4.exe
d:\mysciebo\_tin_ws19\_tin_sw_bsp\kap13_qt\sw03_mytictactoe_v4\x64\debug\mytictactoe_v4.ilk
d:\mysciebo\_tin_ws19\_tin_sw_bsp\kap13_qt\sw03_mytictactoe_v4\mytictactoe_v4\x64\debug\mytictactoe_v4.tlog\cl.command.1.tlog
d:\mysciebo\_tin_ws19\_tin_sw_bsp\kap13_qt\sw03_mytictactoe_v4\mytictactoe_v4\x64\debug\mytictactoe_v4.tlog\cl.read.1.tlog
d:\mysciebo\_tin_ws19\_tin_sw_bsp\kap13_qt\sw03_mytictactoe_v4\mytictactoe_v4\x64\debug\mytictactoe_v4.tlog\cl.write.1.tlog
d:\mysciebo\_tin_ws19\_tin_sw_bsp\kap13_qt\sw03_mytictactoe_v4\mytictactoe_v4\x64\debug\mytictactoe_v4.tlog\custombuild.command.1.tlog
d:\mysciebo\_tin_ws19\_tin_sw_bsp\kap13_qt\sw03_mytictactoe_v4\mytictactoe_v4\x64\debug\mytictactoe_v4.tlog\custombuild.read.1.tlog
d:\mysciebo\_tin_ws19\_tin_sw_bsp\kap13_qt\sw03_mytictactoe_v4\mytictactoe_v4\x64\debug\mytictactoe_v4.tlog\custombuild.write.1.tlog
d:\mysciebo\_tin_ws19\_tin_sw_bsp\kap13_qt\sw03_mytictactoe_v4\mytictactoe_v4\x64\debug\mytictactoe_v4.tlog\link.command.1.tlog
d:\mysciebo\_tin_ws19\_tin_sw_bsp\kap13_qt\sw03_mytictactoe_v4\mytictactoe_v4\x64\debug\mytictactoe_v4.tlog\link.read.1.tlog
d:\mysciebo\_tin_ws19\_tin_sw_bsp\kap13_qt\sw03_mytictactoe_v4\mytictactoe_v4\x64\debug\mytictactoe_v4.tlog\link.write.1.tlog
