d:\mysciebo\_tin_ws20\_tin_sw_bsp\kap17_qtgraphicszene\collidingcircels\collidingcircels\x64\debug\qrc_collidingcircels.obj
d:\mysciebo\_tin_ws20\_tin_sw_bsp\kap17_qtgraphicszene\collidingcircels\collidingcircels\x64\debug\moc_collidingcircels.obj
d:\mysciebo\_tin_ws20\_tin_sw_bsp\kap17_qtgraphicszene\collidingcircels\collidingcircels\x64\debug\vc142.pdb
d:\mysciebo\_tin_ws20\_tin_sw_bsp\kap17_qtgraphicszene\collidingcircels\collidingcircels\x64\debug\main.obj
d:\mysciebo\_tin_ws20\_tin_sw_bsp\kap17_qtgraphicszene\collidingcircels\collidingcircels\x64\debug\collidingcircels.obj
d:\mysciebo\_tin_ws20\_tin_sw_bsp\kap17_qtgraphicszene\collidingcircels\collidingcircels\x64\debug\myitem.obj
d:\mysciebo\_tin_ws20\_tin_sw_bsp\kap17_qtgraphicszene\collidingcircels\collidingcircels\x64\debug\uic\ui_collidingcircels.h
d:\mysciebo\_tin_ws20\_tin_sw_bsp\kap17_qtgraphicszene\collidingcircels\collidingcircels\x64\debug\rcc\qrc_collidingcircels.cpp
d:\mysciebo\_tin_ws20\_tin_sw_bsp\kap17_qtgraphicszene\collidingcircels\collidingcircels\x64\debug\moc\moc_collidingcircels.cpp
d:\mysciebo\_tin_ws20\_tin_sw_bsp\kap17_qtgraphicszene\collidingcircels\x64\debug\collidingcircels.exe
d:\mysciebo\_tin_ws20\_tin_sw_bsp\kap17_qtgraphicszene\collidingcircels\x64\debug\collidingcircels.ilk
d:\mysciebo\_tin_ws20\_tin_sw_bsp\kap17_qtgraphicszene\collidingcircels\x64\debug\collidingcircels.pdb
d:\mysciebo\_tin\_tin_sw_bsp\kap16_qtgraphicszene\collidingcircels\collidingcircels\x64\debug\collidingcircels.obj
d:\mysciebo\_tin\_tin_sw_bsp\kap16_qtgraphicszene\collidingcircels\collidingcircels\x64\debug\main.obj
d:\mysciebo\_tin\_tin_sw_bsp\kap16_qtgraphicszene\collidingcircels\collidingcircels\x64\debug\moc_collidingcircels.obj
d:\mysciebo\_tin\_tin_sw_bsp\kap16_qtgraphicszene\collidingcircels\collidingcircels\x64\debug\myitem.obj
d:\mysciebo\_tin\_tin_sw_bsp\kap16_qtgraphicszene\collidingcircels\collidingcircels\x64\debug\qrc_collidingcircels.obj
d:\mysciebo\_tin\_tin_sw_bsp\kap16_qtgraphicszene\collidingcircels\collidingcircels\x64\debug\vc142.pdb
d:\mysciebo\_tin\_tin_sw_bsp\kap16_qtgraphicszene\collidingcircels\x64\debug\collidingcircels.pdb
d:\mysciebo\_tin\_tin_sw_bsp\kap16_qtgraphicszene\collidingcircels\x64\debug\collidingcircels.exe
d:\mysciebo\_tin\_tin_sw_bsp\kap16_qtgraphicszene\collidingcircels\x64\debug\collidingcircels.ilk
d:\mysciebo\_tin\_tin_sw_bsp\kap16_qtgraphicszene\collidingcircels\collidingcircels\x64\debug\collidingcircels.tlog\cl.command.1.tlog
d:\mysciebo\_tin\_tin_sw_bsp\kap16_qtgraphicszene\collidingcircels\collidingcircels\x64\debug\collidingcircels.tlog\cl.read.1.tlog
d:\mysciebo\_tin\_tin_sw_bsp\kap16_qtgraphicszene\collidingcircels\collidingcircels\x64\debug\collidingcircels.tlog\cl.write.1.tlog
d:\mysciebo\_tin\_tin_sw_bsp\kap16_qtgraphicszene\collidingcircels\collidingcircels\x64\debug\collidingcircels.tlog\collidingcircels.write.1u.tlog
d:\mysciebo\_tin\_tin_sw_bsp\kap16_qtgraphicszene\collidingcircels\collidingcircels\x64\debug\collidingcircels.tlog\link.command.1.tlog
d:\mysciebo\_tin\_tin_sw_bsp\kap16_qtgraphicszene\collidingcircels\collidingcircels\x64\debug\collidingcircels.tlog\link.read.1.tlog
d:\mysciebo\_tin\_tin_sw_bsp\kap16_qtgraphicszene\collidingcircels\collidingcircels\x64\debug\collidingcircels.tlog\link.write.1.tlog
d:\mysciebo\_tin\_tin_sw_bsp\kap16_qtgraphicszene\collidingcircels\collidingcircels\x64\debug\collidingcircels.tlog\moc.read.1u.tlog
d:\mysciebo\_tin\_tin_sw_bsp\kap16_qtgraphicszene\collidingcircels\collidingcircels\x64\debug\collidingcircels.tlog\moc.write.1u.tlog
d:\mysciebo\_tin\_tin_sw_bsp\kap16_qtgraphicszene\collidingcircels\collidingcircels\x64\debug\collidingcircels.tlog\rcc.read.1u.tlog
d:\mysciebo\_tin\_tin_sw_bsp\kap16_qtgraphicszene\collidingcircels\collidingcircels\x64\debug\collidingcircels.tlog\rcc.write.1u.tlog
d:\mysciebo\_tin\_tin_sw_bsp\kap16_qtgraphicszene\collidingcircels\collidingcircels\x64\debug\collidingcircels.tlog\uic.read.1u.tlog
d:\mysciebo\_tin\_tin_sw_bsp\kap16_qtgraphicszene\collidingcircels\collidingcircels\x64\debug\collidingcircels.tlog\uic.write.1u.tlog
